0 info it worked if it ends with ok
1 verbose cli [ 'node', '/usr/local/bin/npm', 'install' ]
2 info using npm@2.5.1
3 info using node@v0.12.0
4 verbose install where, deps [ '/Users/patrickhalton/Desktop/ASL_Node_Project/rouxmeet',
4 verbose install   [ 'body-parser',
4 verbose install     'cookie-parser',
4 verbose install     'debug',
4 verbose install     'ejs',
4 verbose install     'express',
4 verbose install     'morgan',
4 verbose install     'serve-favicon' ] ]
5 verbose install where, peers [ '/Users/patrickhalton/Desktop/ASL_Node_Project/rouxmeet', [] ]
6 info preinstall rouxmeet@0.0.0
7 silly cache add args [ 'cookie-parser@~1.3.4', null ]
8 verbose cache add spec cookie-parser@~1.3.4
9 silly cache add parsed spec { raw: 'cookie-parser@~1.3.4',
9 silly cache add   scope: null,
9 silly cache add   name: 'cookie-parser',
9 silly cache add   rawSpec: '~1.3.4',
9 silly cache add   spec: '>=1.3.4 <1.4.0',
9 silly cache add   type: 'range' }
10 verbose addNamed cookie-parser@>=1.3.4 <1.4.0
11 silly addNamed semver.valid null
12 silly addNamed semver.validRange >=1.3.4 <1.4.0
13 silly addNameRange { name: 'cookie-parser',
13 silly addNameRange   range: '>=1.3.4 <1.4.0',
13 silly addNameRange   hasData: false }
14 silly mapToRegistry name cookie-parser
15 silly mapToRegistry using default registry
16 silly mapToRegistry registry https://registry.npmjs.org/
17 silly mapToRegistry uri https://registry.npmjs.org/cookie-parser
18 verbose addNameRange registry:https://registry.npmjs.org/cookie-parser not in flight; fetching
19 silly cache add args [ 'debug@~2.1.1', null ]
20 verbose cache add spec debug@~2.1.1
21 silly cache add parsed spec { raw: 'debug@~2.1.1',
21 silly cache add   scope: null,
21 silly cache add   name: 'debug',
21 silly cache add   rawSpec: '~2.1.1',
21 silly cache add   spec: '>=2.1.1 <2.2.0',
21 silly cache add   type: 'range' }
22 verbose addNamed debug@>=2.1.1 <2.2.0
23 silly addNamed semver.valid null
24 silly addNamed semver.validRange >=2.1.1 <2.2.0
25 silly addNameRange { name: 'debug', range: '>=2.1.1 <2.2.0', hasData: false }
26 silly mapToRegistry name debug
27 silly mapToRegistry using default registry
28 silly mapToRegistry registry https://registry.npmjs.org/
29 silly mapToRegistry uri https://registry.npmjs.org/debug
30 verbose addNameRange registry:https://registry.npmjs.org/debug not in flight; fetching
31 silly cache add args [ 'ejs@~2.3.1', null ]
32 verbose cache add spec ejs@~2.3.1
33 silly cache add parsed spec { raw: 'ejs@~2.3.1',
33 silly cache add   scope: null,
33 silly cache add   name: 'ejs',
33 silly cache add   rawSpec: '~2.3.1',
33 silly cache add   spec: '>=2.3.1 <2.4.0',
33 silly cache add   type: 'range' }
34 verbose addNamed ejs@>=2.3.1 <2.4.0
35 silly addNamed semver.valid null
36 silly addNamed semver.validRange >=2.3.1 <2.4.0
37 silly addNameRange { name: 'ejs', range: '>=2.3.1 <2.4.0', hasData: false }
38 silly mapToRegistry name ejs
39 silly mapToRegistry using default registry
40 silly mapToRegistry registry https://registry.npmjs.org/
41 silly mapToRegistry uri https://registry.npmjs.org/ejs
42 verbose addNameRange registry:https://registry.npmjs.org/ejs not in flight; fetching
43 silly cache add args [ 'express@~4.12.0', null ]
44 verbose cache add spec express@~4.12.0
45 silly cache add parsed spec { raw: 'express@~4.12.0',
45 silly cache add   scope: null,
45 silly cache add   name: 'express',
45 silly cache add   rawSpec: '~4.12.0',
45 silly cache add   spec: '>=4.12.0 <4.13.0',
45 silly cache add   type: 'range' }
46 verbose addNamed express@>=4.12.0 <4.13.0
47 silly addNamed semver.valid null
48 silly addNamed semver.validRange >=4.12.0 <4.13.0
49 silly addNameRange { name: 'express', range: '>=4.12.0 <4.13.0', hasData: false }
50 silly mapToRegistry name express
51 silly mapToRegistry using default registry
52 silly mapToRegistry registry https://registry.npmjs.org/
53 silly mapToRegistry uri https://registry.npmjs.org/express
54 verbose addNameRange registry:https://registry.npmjs.org/express not in flight; fetching
55 silly cache add args [ 'morgan@~1.5.1', null ]
56 verbose cache add spec morgan@~1.5.1
57 silly cache add parsed spec { raw: 'morgan@~1.5.1',
57 silly cache add   scope: null,
57 silly cache add   name: 'morgan',
57 silly cache add   rawSpec: '~1.5.1',
57 silly cache add   spec: '>=1.5.1 <1.6.0',
57 silly cache add   type: 'range' }
58 verbose addNamed morgan@>=1.5.1 <1.6.0
59 silly addNamed semver.valid null
60 silly addNamed semver.validRange >=1.5.1 <1.6.0
61 silly addNameRange { name: 'morgan', range: '>=1.5.1 <1.6.0', hasData: false }
62 silly mapToRegistry name morgan
63 silly mapToRegistry using default registry
64 silly mapToRegistry registry https://registry.npmjs.org/
65 silly mapToRegistry uri https://registry.npmjs.org/morgan
66 verbose addNameRange registry:https://registry.npmjs.org/morgan not in flight; fetching
67 silly cache add args [ 'serve-favicon@~2.2.0', null ]
68 verbose cache add spec serve-favicon@~2.2.0
69 silly cache add parsed spec { raw: 'serve-favicon@~2.2.0',
69 silly cache add   scope: null,
69 silly cache add   name: 'serve-favicon',
69 silly cache add   rawSpec: '~2.2.0',
69 silly cache add   spec: '>=2.2.0 <2.3.0',
69 silly cache add   type: 'range' }
70 verbose addNamed serve-favicon@>=2.2.0 <2.3.0
71 silly addNamed semver.valid null
72 silly addNamed semver.validRange >=2.2.0 <2.3.0
73 silly addNameRange { name: 'serve-favicon',
73 silly addNameRange   range: '>=2.2.0 <2.3.0',
73 silly addNameRange   hasData: false }
74 silly mapToRegistry name serve-favicon
75 silly mapToRegistry using default registry
76 silly mapToRegistry registry https://registry.npmjs.org/
77 silly mapToRegistry uri https://registry.npmjs.org/serve-favicon
78 verbose addNameRange registry:https://registry.npmjs.org/serve-favicon not in flight; fetching
79 silly cache add args [ 'body-parser@~1.12.0', null ]
80 verbose cache add spec body-parser@~1.12.0
81 silly cache add parsed spec { raw: 'body-parser@~1.12.0',
81 silly cache add   scope: null,
81 silly cache add   name: 'body-parser',
81 silly cache add   rawSpec: '~1.12.0',
81 silly cache add   spec: '>=1.12.0 <1.13.0',
81 silly cache add   type: 'range' }
82 verbose addNamed body-parser@>=1.12.0 <1.13.0
83 silly addNamed semver.valid null
84 silly addNamed semver.validRange >=1.12.0 <1.13.0
85 silly addNameRange { name: 'body-parser',
85 silly addNameRange   range: '>=1.12.0 <1.13.0',
85 silly addNameRange   hasData: false }
86 silly mapToRegistry name body-parser
87 silly mapToRegistry using default registry
88 silly mapToRegistry registry https://registry.npmjs.org/
89 silly mapToRegistry uri https://registry.npmjs.org/body-parser
90 verbose addNameRange registry:https://registry.npmjs.org/body-parser not in flight; fetching
91 verbose request uri https://registry.npmjs.org/cookie-parser
92 verbose request no auth needed
93 info attempt registry request try #1 at 12:47:42 AM
94 verbose request id fdd6688ef2b7c8f0
95 http request GET https://registry.npmjs.org/cookie-parser
96 verbose request uri https://registry.npmjs.org/morgan
97 verbose request no auth needed
98 info attempt registry request try #1 at 12:47:42 AM
99 http request GET https://registry.npmjs.org/morgan
100 verbose request uri https://registry.npmjs.org/serve-favicon
101 verbose request no auth needed
102 info attempt registry request try #1 at 12:47:42 AM
103 http request GET https://registry.npmjs.org/serve-favicon
104 verbose request uri https://registry.npmjs.org/body-parser
105 verbose request no auth needed
106 info attempt registry request try #1 at 12:47:42 AM
107 http request GET https://registry.npmjs.org/body-parser
108 verbose request uri https://registry.npmjs.org/express
109 verbose request no auth needed
110 info attempt registry request try #1 at 12:47:42 AM
111 verbose etag "A3VQYL9RGRF2JSC4X0P3XNORL"
112 http request GET https://registry.npmjs.org/express
113 verbose request uri https://registry.npmjs.org/debug
114 verbose request no auth needed
115 info attempt registry request try #1 at 12:47:42 AM
116 verbose etag "DFPVS4S5SFDRXTQXOPUKX5YIH"
117 http request GET https://registry.npmjs.org/debug
118 verbose request uri https://registry.npmjs.org/ejs
119 verbose request no auth needed
120 info attempt registry request try #1 at 12:47:42 AM
121 verbose etag "2CSWPRJKXDYI2G8E1BFYHG4KO"
122 http request GET https://registry.npmjs.org/ejs
123 http 304 https://registry.npmjs.org/debug
124 silly get cb [ 304,
124 silly get   { date: 'Wed, 04 Mar 2015 05:40:31 GMT',
124 silly get     server: 'Apache',
124 silly get     via: '1.1 varnish',
124 silly get     'last-modified': 'Wed, 04 Mar 2015 05:40:31 GMT',
124 silly get     'cache-control': 'max-age=60',
124 silly get     etag: '"DFPVS4S5SFDRXTQXOPUKX5YIH"',
124 silly get     age: '41',
124 silly get     'x-served-by': 'cache-ord1733-ORD',
124 silly get     'x-cache': 'HIT',
124 silly get     'x-cache-hits': '1',
124 silly get     'x-timer': 'S1425447631.442613,VS0,VE0',
124 silly get     vary: 'Accept',
124 silly get     'content-length': '0',
124 silly get     'keep-alive': 'timeout=10, max=50',
124 silly get     connection: 'Keep-Alive' } ]
125 verbose etag https://registry.npmjs.org/debug from cache
126 verbose get saving debug to /Users/patrickhalton/.npm/registry.npmjs.org/debug/.cache.json
127 http 304 https://registry.npmjs.org/express
128 silly get cb [ 304,
128 silly get   { date: 'Wed, 04 Mar 2015 05:40:31 GMT',
128 silly get     server: 'Apache',
128 silly get     via: '1.1 varnish',
128 silly get     'last-modified': 'Wed, 04 Mar 2015 05:40:31 GMT',
128 silly get     'cache-control': 'max-age=60',
128 silly get     etag: '"A3VQYL9RGRF2JSC4X0P3XNORL"',
128 silly get     age: '14',
128 silly get     'x-served-by': 'cache-ord1735-ORD',
128 silly get     'x-cache': 'HIT',
128 silly get     'x-cache-hits': '1',
128 silly get     'x-timer': 'S1425447631.452062,VS0,VE1',
128 silly get     vary: 'Accept',
128 silly get     'content-length': '0',
128 silly get     'keep-alive': 'timeout=10, max=50',
128 silly get     connection: 'Keep-Alive' } ]
129 verbose etag https://registry.npmjs.org/express from cache
130 verbose get saving express to /Users/patrickhalton/.npm/registry.npmjs.org/express/.cache.json
131 http 200 https://registry.npmjs.org/cookie-parser
132 silly get cb [ 200,
132 silly get   { date: 'Wed, 04 Mar 2015 05:40:31 GMT',
132 silly get     server: 'CouchDB/1.5.0 (Erlang OTP/R16B03)',
132 silly get     etag: '"8KR57KYQWJ98W0KIFESGXKOOO"',
132 silly get     'content-type': 'application/json',
132 silly get     'cache-control': 'max-age=60',
132 silly get     'content-length': '15767',
132 silly get     'accept-ranges': 'bytes',
132 silly get     via: '1.1 varnish',
132 silly get     age: '51',
132 silly get     'x-served-by': 'cache-ord1722-ORD',
132 silly get     'x-cache': 'HIT',
132 silly get     'x-cache-hits': '2',
132 silly get     'x-timer': 'S1425447631.414376,VS0,VE0',
132 silly get     vary: 'Accept',
132 silly get     'keep-alive': 'timeout=10, max=50',
132 silly get     connection: 'Keep-Alive' } ]
133 verbose get saving cookie-parser to /Users/patrickhalton/.npm/registry.npmjs.org/cookie-parser/.cache.json
134 http 200 https://registry.npmjs.org/serve-favicon
135 silly get cb [ 200,
135 silly get   { date: 'Wed, 04 Mar 2015 05:40:31 GMT',
135 silly get     server: 'CouchDB/1.5.0 (Erlang OTP/R16B03)',
135 silly get     etag: '"B391C7FZJ954RYQ28NOYGVDW"',
135 silly get     'content-type': 'application/json',
135 silly get     'cache-control': 'max-age=60',
135 silly get     'content-length': '20515',
135 silly get     'accept-ranges': 'bytes',
135 silly get     via: '1.1 varnish',
135 silly get     age: '2',
135 silly get     'x-served-by': 'cache-ord1734-ORD',
135 silly get     'x-cache': 'HIT',
135 silly get     'x-cache-hits': '1',
135 silly get     'x-timer': 'S1425447631.418861,VS0,VE0',
135 silly get     vary: 'Accept',
135 silly get     'keep-alive': 'timeout=10, max=50',
135 silly get     connection: 'Keep-Alive' } ]
136 verbose get saving serve-favicon to /Users/patrickhalton/.npm/registry.npmjs.org/serve-favicon/.cache.json
137 http 200 https://registry.npmjs.org/morgan
138 silly get cb [ 200,
138 silly get   { date: 'Wed, 04 Mar 2015 05:40:31 GMT',
138 silly get     server: 'CouchDB/1.6.1 (Erlang OTP/R14B04)',
138 silly get     etag: '"1E2JNXWPK82F3Y6UR11CEKANN"',
138 silly get     'content-type': 'application/json',
138 silly get     'cache-control': 'max-age=60',
138 silly get     'content-length': '33722',
138 silly get     'accept-ranges': 'bytes',
138 silly get     via: '1.1 varnish',
138 silly get     age: '2',
138 silly get     'x-served-by': 'cache-ord1724-ORD',
138 silly get     'x-cache': 'HIT',
138 silly get     'x-cache-hits': '1',
138 silly get     'x-timer': 'S1425447631.419301,VS0,VE0',
138 silly get     vary: 'Accept',
138 silly get     'keep-alive': 'timeout=10, max=50',
138 silly get     connection: 'Keep-Alive' } ]
139 verbose get saving morgan to /Users/patrickhalton/.npm/registry.npmjs.org/morgan/.cache.json
140 silly addNameRange number 2 { name: 'express', range: '>=4.12.0 <4.13.0', hasData: true }
141 silly addNameRange versions [ 'express',
141 silly addNameRange   [ '0.14.0',
141 silly addNameRange     '0.14.1',
141 silly addNameRange     '1.0.0',
141 silly addNameRange     '1.0.1',
141 silly addNameRange     '1.0.2',
141 silly addNameRange     '1.0.3',
141 silly addNameRange     '1.0.4',
141 silly addNameRange     '1.0.5',
141 silly addNameRange     '1.0.6',
141 silly addNameRange     '1.0.7',
141 silly addNameRange     '1.0.8',
141 silly addNameRange     '2.0.0',
141 silly addNameRange     '2.1.0',
141 silly addNameRange     '2.1.1',
141 silly addNameRange     '2.2.0',
141 silly addNameRange     '2.2.1',
141 silly addNameRange     '2.2.2',
141 silly addNameRange     '2.3.0',
141 silly addNameRange     '2.3.1',
141 silly addNameRange     '2.3.2',
141 silly addNameRange     '2.3.3',
141 silly addNameRange     '2.3.4',
141 silly addNameRange     '2.3.5',
141 silly addNameRange     '2.3.6',
141 silly addNameRange     '2.3.7',
141 silly addNameRange     '2.3.8',
141 silly addNameRange     '2.3.9',
141 silly addNameRange     '2.3.10',
141 silly addNameRange     '2.3.11',
141 silly addNameRange     '2.3.12',
141 silly addNameRange     '2.4.0',
141 silly addNameRange     '2.4.1',
141 silly addNameRange     '2.4.2',
141 silly addNameRange     '2.4.3',
141 silly addNameRange     '2.4.4',
141 silly addNameRange     '2.4.5',
141 silly addNameRange     '2.4.6',
141 silly addNameRange     '2.4.7',
141 silly addNameRange     '2.5.0',
141 silly addNameRange     '2.5.1',
141 silly addNameRange     '2.5.2',
141 silly addNameRange     '2.5.3',
141 silly addNameRange     '2.5.4',
141 silly addNameRange     '2.5.5',
141 silly addNameRange     '2.5.6',
141 silly addNameRange     '2.5.7',
141 silly addNameRange     '2.5.8',
141 silly addNameRange     '2.5.9',
141 silly addNameRange     '2.5.10',
141 silly addNameRange     '2.5.11',
141 silly addNameRange     '3.0.0',
141 silly addNameRange     '3.0.1',
141 silly addNameRange     '3.0.2',
141 silly addNameRange     '3.0.3',
141 silly addNameRange     '3.0.4',
141 silly addNameRange     '3.0.5',
141 silly addNameRange     '3.0.6',
141 silly addNameRange     '3.1.0',
141 silly addNameRange     '3.1.1',
141 silly addNameRange     '3.1.2',
141 silly addNameRange     '3.2.0',
141 silly addNameRange     '3.2.1',
141 silly addNameRange     '3.2.2',
141 silly addNameRange     '3.2.3',
141 silly addNameRange     '3.2.4',
141 silly addNameRange     '3.2.5',
141 silly addNameRange     '3.2.6',
141 silly addNameRange     '3.3.0',
141 silly addNameRange     '3.3.1',
141 silly addNameRange     '3.3.2',
141 silly addNameRange     '3.3.3',
141 silly addNameRange     '3.3.4',
141 silly addNameRange     '3.3.5',
141 silly addNameRange     '3.3.6',
141 silly addNameRange     '1.0.0-beta',
141 silly addNameRange     '1.0.0-beta2',
141 silly addNameRange     '1.0.0-rc',
141 silly addNameRange     '1.0.0-rc2',
141 silly addNameRange     '1.0.0-rc3',
141 silly addNameRange     '1.0.0-rc4',
141 silly addNameRange     '2.0.0-beta',
141 silly addNameRange     '2.0.0-beta2',
141 silly addNameRange     '2.0.0-beta3',
141 silly addNameRange     '2.0.0-rc',
141 silly addNameRange     '2.0.0-rc2',
141 silly addNameRange     '2.0.0-rc3',
141 silly addNameRange     '3.0.0-alpha1',
141 silly addNameRange     '3.0.0-alpha2',
141 silly addNameRange     '3.0.0-alpha3',
141 silly addNameRange     '3.0.0-alpha4',
141 silly addNameRange     '3.0.0-alpha5',
141 silly addNameRange     '3.0.0-beta1',
141 silly addNameRange     '3.0.0-beta2',
141 silly addNameRange     '3.0.0-beta3',
141 silly addNameRange     '3.0.0-beta4',
141 silly addNameRange     '3.0.0-beta6',
141 silly addNameRange     '3.0.0-beta7',
141 silly addNameRange     '3.0.0-rc1',
141 silly addNameRange     '3.0.0-rc2',
141 silly addNameRange     '3.0.0-rc3',
141 silly addNameRange     '3.0.0-rc4',
141 silly addNameRange     '3.0.0-rc5',
141 silly addNameRange     '3.3.7',
141 silly addNameRange     '3.3.8',
141 silly addNameRange     '3.4.0',
141 silly addNameRange     '3.4.1',
141 silly addNameRange     '3.4.2',
141 silly addNameRange     '3.4.3',
141 silly addNameRange     '3.4.4',
141 silly addNameRange     '3.4.5',
141 silly addNameRange     '3.4.6',
141 silly addNameRange     '3.4.7',
141 silly addNameRange     '3.4.8',
141 silly addNameRange     '4.0.0-rc1',
141 silly addNameRange     '4.0.0-rc2',
141 silly addNameRange     '3.5.0',
141 silly addNameRange     '4.0.0-rc3',
141 silly addNameRange     '4.0.0-rc4',
141 silly addNameRange     '3.5.1',
141 silly addNameRange     '4.0.0',
141 silly addNameRange     '3.5.2',
141 silly addNameRange     '4.1.0',
141 silly addNameRange     '4.1.1',
141 silly addNameRange     '3.5.3',
141 silly addNameRange     '4.1.2',
141 silly addNameRange     '3.6.0',
141 silly addNameRange     '4.2.0',
141 silly addNameRange     '3.7.0',
141 silly addNameRange     '3.8.0',
141 silly addNameRange     '4.3.0',
141 silly addNameRange     '4.3.1',
141 silly addNameRange     '3.8.1',
141 silly addNameRange     '4.3.2',
141 silly addNameRange     '3.9.0',
141 silly addNameRange     '4.4.0',
141 silly addNameRange     '4.4.1',
141 silly addNameRange     '3.10.0',
141 silly addNameRange     '3.10.1',
141 silly addNameRange     '3.10.2',
141 silly addNameRange     '3.10.3',
141 silly addNameRange     '3.10.4',
141 silly addNameRange     '4.4.2',
141 silly addNameRange     '3.10.5',
141 silly addNameRange     '4.4.3',
141 silly addNameRange     '3.11.0',
141 silly addNameRange     '4.4.4',
141 silly addNameRange     '3.12.0',
141 silly addNameRange     '3.12.1',
141 silly addNameRange     '4.4.5',
141 silly addNameRange     '3.13.0',
141 silly addNameRange     '4.5.0',
141 silly addNameRange     '4.5.1',
141 silly addNameRange     '3.14.0',
141 silly addNameRange     '4.6.0',
141 silly addNameRange     '4.6.1',
141 silly addNameRange     '3.15.0',
141 silly addNameRange     '4.7.0',
141 silly addNameRange     '3.15.1',
141 silly addNameRange     '4.7.1',
141 silly addNameRange     '3.15.2',
141 silly addNameRange     '4.7.2',
141 silly addNameRange     '4.7.3',
141 silly addNameRange     '3.15.3',
141 silly addNameRange     '4.7.4',
141 silly addNameRange     '3.16.0',
141 silly addNameRange     '4.8.0',
141 silly addNameRange     '3.16.1',
141 silly addNameRange     '4.8.1',
141 silly addNameRange     '3.16.2',
141 silly addNameRange     '4.8.2',
141 silly addNameRange     '3.16.3',
141 silly addNameRange     '3.16.4',
141 silly addNameRange     '4.8.3',
141 silly addNameRange     '3.16.5',
141 silly addNameRange     '3.16.6',
141 silly addNameRange     '4.8.4',
141 silly addNameRange     '3.16.7',
141 silly addNameRange     '4.8.5',
141 silly addNameRange     '3.16.8',
141 silly addNameRange     '4.8.6',
141 silly addNameRange     '3.16.9',
141 silly addNameRange     '4.8.7',
141 silly addNameRange     '3.16.10',
141 silly addNameRange     '4.8.8',
141 silly addNameRange     '3.17.0',
141 silly addNameRange     '3.17.1',
141 silly addNameRange     '4.9.0',
141 silly addNameRange     '3.17.2',
141 silly addNameRange     '4.9.1',
141 silly addNameRange     '4.9.2',
141 silly addNameRange     '3.17.3',
141 silly addNameRange     '4.9.3',
141 silly addNameRange     '3.17.4',
141 silly addNameRange     '4.9.4',
141 silly addNameRange     '3.17.5',
141 silly addNameRange     '4.9.5',
141 silly addNameRange     '3.17.6',
141 silly addNameRange     '3.17.7',
141 silly addNameRange     '4.9.6',
141 silly addNameRange     '4.9.7',
141 silly addNameRange     '3.17.8',
141 silly addNameRange     '4.9.8',
141 silly addNameRange     '3.18.0',
141 silly addNameRange     '3.18.1',
141 silly addNameRange     '4.10.0',
141 silly addNameRange     '3.18.2',
141 silly addNameRange     '4.10.1',
141 silly addNameRange     '5.0.0-alpha.1',
141 silly addNameRange     '3.18.3',
141 silly addNameRange     '4.10.2',
141 silly addNameRange     '3.18.4',
141 silly addNameRange     '4.10.3',
141 silly addNameRange     '4.10.4',
141 silly addNameRange     '4.10.5',
141 silly addNameRange     '3.18.5',
141 silly addNameRange     '3.18.6',
141 silly addNameRange     '4.10.6',
141 silly addNameRange     '4.10.7',
141 silly addNameRange     '3.19.0',
141 silly addNameRange     '4.10.8',
141 silly addNameRange     '4.11.0',
141 silly addNameRange     '3.19.1',
141 silly addNameRange     '4.11.1',
141 silly addNameRange     '3.19.2',
141 silly addNameRange     '4.11.2',
141 silly addNameRange     '3.20.0',
141 silly addNameRange     '4.12.0',
141 silly addNameRange     '3.20.1',
141 silly addNameRange     '4.12.1',
141 silly addNameRange     '4.12.2' ] ]
142 verbose addNamed express@4.12.2
143 silly addNamed semver.valid 4.12.2
144 silly addNamed semver.validRange 4.12.2
145 silly addNameRange number 2 { name: 'debug', range: '>=2.1.1 <2.2.0', hasData: true }
146 silly addNameRange versions [ 'debug',
146 silly addNameRange   [ '0.0.1',
146 silly addNameRange     '0.1.0',
146 silly addNameRange     '0.2.0',
146 silly addNameRange     '0.3.0',
146 silly addNameRange     '0.4.0',
146 silly addNameRange     '0.4.1',
146 silly addNameRange     '0.5.0',
146 silly addNameRange     '0.6.0',
146 silly addNameRange     '0.7.0',
146 silly addNameRange     '0.7.1',
146 silly addNameRange     '0.7.2',
146 silly addNameRange     '0.7.3',
146 silly addNameRange     '0.7.4',
146 silly addNameRange     '0.8.0',
146 silly addNameRange     '0.8.1',
146 silly addNameRange     '1.0.0',
146 silly addNameRange     '1.0.1',
146 silly addNameRange     '1.0.2',
146 silly addNameRange     '1.0.3',
146 silly addNameRange     '1.0.4',
146 silly addNameRange     '2.0.0',
146 silly addNameRange     '2.1.0',
146 silly addNameRange     '2.1.1',
146 silly addNameRange     '2.1.2' ] ]
147 verbose addNamed debug@2.1.2
148 silly addNamed semver.valid 2.1.2
149 silly addNamed semver.validRange 2.1.2
150 silly addNameRange number 2 { name: 'cookie-parser', range: '>=1.3.4 <1.4.0', hasData: true }
151 silly addNameRange versions [ 'cookie-parser',
151 silly addNameRange   [ '1.0.0',
151 silly addNameRange     '1.0.1',
151 silly addNameRange     '1.1.0',
151 silly addNameRange     '1.2.0',
151 silly addNameRange     '1.3.0',
151 silly addNameRange     '1.3.1',
151 silly addNameRange     '1.3.2',
151 silly addNameRange     '1.3.3',
151 silly addNameRange     '1.3.4' ] ]
152 verbose addNamed cookie-parser@1.3.4
153 silly addNamed semver.valid 1.3.4
154 silly addNamed semver.validRange 1.3.4
155 silly mapToRegistry name cookie-parser
156 silly mapToRegistry using default registry
157 silly mapToRegistry registry https://registry.npmjs.org/
158 silly mapToRegistry uri https://registry.npmjs.org/cookie-parser
159 verbose addRemoteTarball https://registry.npmjs.org/cookie-parser/-/cookie-parser-1.3.4.tgz not in flight; adding
160 verbose addRemoteTarball [ 'https://registry.npmjs.org/cookie-parser/-/cookie-parser-1.3.4.tgz',
160 verbose addRemoteTarball   '193035a5be97117a21709b3aa737f6132717bda6' ]
161 silly addNameRange number 2 { name: 'morgan', range: '>=1.5.1 <1.6.0', hasData: true }
162 silly addNameRange versions [ 'morgan',
162 silly addNameRange   [ '1.0.0',
162 silly addNameRange     '1.0.1',
162 silly addNameRange     '1.1.0',
162 silly addNameRange     '1.1.1',
162 silly addNameRange     '1.2.0',
162 silly addNameRange     '1.2.1',
162 silly addNameRange     '1.2.2',
162 silly addNameRange     '1.2.3',
162 silly addNameRange     '1.3.0',
162 silly addNameRange     '1.3.1',
162 silly addNameRange     '1.3.2',
162 silly addNameRange     '1.4.0',
162 silly addNameRange     '1.4.1',
162 silly addNameRange     '1.5.0',
162 silly addNameRange     '1.5.1' ] ]
163 verbose addNamed morgan@1.5.1
164 silly addNamed semver.valid 1.5.1
165 silly addNamed semver.validRange 1.5.1
166 silly addNameRange number 2 { name: 'serve-favicon', range: '>=2.2.0 <2.3.0', hasData: true }
167 silly addNameRange versions [ 'serve-favicon',
167 silly addNameRange   [ '2.0.0',
167 silly addNameRange     '2.0.1',
167 silly addNameRange     '2.1.0',
167 silly addNameRange     '2.1.1',
167 silly addNameRange     '2.1.2',
167 silly addNameRange     '2.1.3',
167 silly addNameRange     '2.1.4',
167 silly addNameRange     '2.1.5',
167 silly addNameRange     '2.1.6',
167 silly addNameRange     '2.1.7',
167 silly addNameRange     '2.2.0' ] ]
168 verbose addNamed serve-favicon@2.2.0
169 silly addNamed semver.valid 2.2.0
170 silly addNamed semver.validRange 2.2.0
171 silly mapToRegistry name morgan
172 silly mapToRegistry using default registry
173 silly mapToRegistry registry https://registry.npmjs.org/
174 silly mapToRegistry uri https://registry.npmjs.org/morgan
175 verbose addRemoteTarball https://registry.npmjs.org/morgan/-/morgan-1.5.1.tgz not in flight; adding
176 verbose addRemoteTarball [ 'https://registry.npmjs.org/morgan/-/morgan-1.5.1.tgz',
176 verbose addRemoteTarball   'a9688eed9187ab648d816fc09c696fae882e16f6' ]
177 silly mapToRegistry name serve-favicon
178 silly mapToRegistry using default registry
179 silly mapToRegistry registry https://registry.npmjs.org/
180 silly mapToRegistry uri https://registry.npmjs.org/serve-favicon
181 verbose addRemoteTarball https://registry.npmjs.org/serve-favicon/-/serve-favicon-2.2.0.tgz not in flight; adding
182 verbose addRemoteTarball [ 'https://registry.npmjs.org/serve-favicon/-/serve-favicon-2.2.0.tgz',
182 verbose addRemoteTarball   'a0c25ee8a652e1a638a67db46269cd52a8705858' ]
183 info retry fetch attempt 1 at 12:47:42 AM
184 info attempt registry request try #1 at 12:47:42 AM
185 http fetch GET https://registry.npmjs.org/morgan/-/morgan-1.5.1.tgz
186 info retry fetch attempt 1 at 12:47:42 AM
187 info attempt registry request try #1 at 12:47:42 AM
188 http fetch GET https://registry.npmjs.org/cookie-parser/-/cookie-parser-1.3.4.tgz
189 info retry fetch attempt 1 at 12:47:42 AM
190 info attempt registry request try #1 at 12:47:42 AM
191 http fetch GET https://registry.npmjs.org/serve-favicon/-/serve-favicon-2.2.0.tgz
192 http 200 https://registry.npmjs.org/body-parser
193 silly get cb [ 200,
193 silly get   { date: 'Wed, 04 Mar 2015 05:40:31 GMT',
193 silly get     server: 'CouchDB/1.5.0 (Erlang OTP/R16B03)',
193 silly get     etag: '"2HC94XP4D0N1E8LNL9KBGUI6O"',
193 silly get     'content-type': 'application/json',
193 silly get     'cache-control': 'max-age=60',
193 silly get     'content-length': '87910',
193 silly get     'accept-ranges': 'bytes',
193 silly get     via: '1.1 varnish',
193 silly get     age: '2',
193 silly get     'x-served-by': 'cache-ord1727-ORD',
193 silly get     'x-cache': 'HIT',
193 silly get     'x-cache-hits': '1',
193 silly get     'x-timer': 'S1425447631.418520,VS0,VE0',
193 silly get     vary: 'Accept',
193 silly get     'keep-alive': 'timeout=10, max=50',
193 silly get     connection: 'Keep-Alive' } ]
194 verbose get saving body-parser to /Users/patrickhalton/.npm/registry.npmjs.org/body-parser/.cache.json
195 silly addNameRange number 2 { name: 'body-parser', range: '>=1.12.0 <1.13.0', hasData: true }
196 silly addNameRange versions [ 'body-parser',
196 silly addNameRange   [ '1.0.0',
196 silly addNameRange     '1.0.1',
196 silly addNameRange     '1.0.2',
196 silly addNameRange     '1.1.0',
196 silly addNameRange     '1.1.1',
196 silly addNameRange     '1.1.2',
196 silly addNameRange     '1.2.0',
196 silly addNameRange     '1.2.1',
196 silly addNameRange     '1.2.2',
196 silly addNameRange     '1.3.0',
196 silly addNameRange     '1.3.1',
196 silly addNameRange     '1.4.0',
196 silly addNameRange     '1.4.1',
196 silly addNameRange     '1.4.2',
196 silly addNameRange     '1.4.3',
196 silly addNameRange     '1.5.0',
196 silly addNameRange     '1.5.1',
196 silly addNameRange     '1.5.2',
196 silly addNameRange     '1.6.0',
196 silly addNameRange     '1.6.1',
196 silly addNameRange     '1.6.2',
196 silly addNameRange     '1.6.3',
196 silly addNameRange     '1.6.4',
196 silly addNameRange     '1.6.5',
196 silly addNameRange     '1.6.6',
196 silly addNameRange     '1.6.7',
196 silly addNameRange     '1.7.0',
196 silly addNameRange     '1.8.0',
196 silly addNameRange     '1.8.1',
196 silly addNameRange     '1.8.2',
196 silly addNameRange     '1.8.3',
196 silly addNameRange     '1.8.4',
196 silly addNameRange     '1.9.0',
196 silly addNameRange     '1.9.1',
196 silly addNameRange     '1.9.2',
196 silly addNameRange     '1.9.3',
196 silly addNameRange     '1.10.0',
196 silly addNameRange     '1.10.1',
196 silly addNameRange     '1.10.2',
196 silly addNameRange     '1.11.0',
196 silly addNameRange     '1.12.0' ] ]
197 verbose addNamed body-parser@1.12.0
198 silly addNamed semver.valid 1.12.0
199 silly addNamed semver.validRange 1.12.0
200 silly mapToRegistry name body-parser
201 silly mapToRegistry using default registry
202 silly mapToRegistry registry https://registry.npmjs.org/
203 silly mapToRegistry uri https://registry.npmjs.org/body-parser
204 verbose addRemoteTarball https://registry.npmjs.org/body-parser/-/body-parser-1.12.0.tgz not in flight; adding
205 verbose addRemoteTarball [ 'https://registry.npmjs.org/body-parser/-/body-parser-1.12.0.tgz',
205 verbose addRemoteTarball   '9750fc3cc1080b34a13d18c79840cd559979fce5' ]
206 info retry fetch attempt 1 at 12:47:42 AM
207 info attempt registry request try #1 at 12:47:42 AM
208 http fetch GET https://registry.npmjs.org/body-parser/-/body-parser-1.12.0.tgz
209 http 304 https://registry.npmjs.org/ejs
210 silly get cb [ 304,
210 silly get   { date: 'Wed, 04 Mar 2015 05:40:31 GMT',
210 silly get     server: 'Apache',
210 silly get     via: '1.1 varnish',
210 silly get     'last-modified': 'Wed, 04 Mar 2015 05:40:31 GMT',
210 silly get     'cache-control': 'max-age=60',
210 silly get     etag: '"2CSWPRJKXDYI2G8E1BFYHG4KO"',
210 silly get     age: '0',
210 silly get     'x-served-by': 'cache-ord1733-ORD',
210 silly get     'x-cache': 'MISS',
210 silly get     'x-cache-hits': '0',
210 silly get     'x-timer': 'S1425447631.458223,VS0,VE272',
210 silly get     vary: 'Accept',
210 silly get     'content-length': '0',
210 silly get     'keep-alive': 'timeout=10, max=50',
210 silly get     connection: 'Keep-Alive' } ]
211 verbose etag https://registry.npmjs.org/ejs from cache
212 verbose get saving ejs to /Users/patrickhalton/.npm/registry.npmjs.org/ejs/.cache.json
213 silly cache afterAdd express@4.12.2
214 verbose afterAdd /Users/patrickhalton/.npm/express/4.12.2/package/package.json not in flight; writing
215 silly addNameRange number 2 { name: 'ejs', range: '>=2.3.1 <2.4.0', hasData: true }
216 silly addNameRange versions [ 'ejs',
216 silly addNameRange   [ '0.0.1',
216 silly addNameRange     '0.0.2',
216 silly addNameRange     '0.0.3',
216 silly addNameRange     '0.0.4',
216 silly addNameRange     '0.1.0',
216 silly addNameRange     '0.2.0',
216 silly addNameRange     '0.2.1',
216 silly addNameRange     '0.3.0',
216 silly addNameRange     '0.3.1',
216 silly addNameRange     '0.4.0',
216 silly addNameRange     '0.4.1',
216 silly addNameRange     '0.4.2',
216 silly addNameRange     '0.4.3',
216 silly addNameRange     '0.5.0',
216 silly addNameRange     '0.6.0',
216 silly addNameRange     '0.6.1',
216 silly addNameRange     '0.7.0',
216 silly addNameRange     '0.7.1',
216 silly addNameRange     '0.7.2',
216 silly addNameRange     '0.8.0',
216 silly addNameRange     '0.8.1',
216 silly addNameRange     '0.8.2',
216 silly addNameRange     '0.8.3',
216 silly addNameRange     '0.8.4',
216 silly addNameRange     '0.8.5',
216 silly addNameRange     '0.8.6',
216 silly addNameRange     '0.8.8',
216 silly addNameRange     '1.0.0',
216 silly addNameRange     '2.0.2',
216 silly addNameRange     '2.0.3',
216 silly addNameRange     '2.0.4',
216 silly addNameRange     '2.0.5',
216 silly addNameRange     '2.0.6',
216 silly addNameRange     '2.0.7',
216 silly addNameRange     '2.0.8',
216 silly addNameRange     '2.1.1',
216 silly addNameRange     '2.1.2',
216 silly addNameRange     '2.1.3',
216 silly addNameRange     '2.1.4',
216 silly addNameRange     '2.2.1',
216 silly addNameRange     '2.2.2',
216 silly addNameRange     '2.2.3',
216 silly addNameRange     '2.2.4',
216 silly addNameRange     '2.3.1' ] ]
217 verbose addNamed ejs@2.3.1
218 silly addNamed semver.valid 2.3.1
219 silly addNamed semver.validRange 2.3.1
220 verbose afterAdd /Users/patrickhalton/.npm/express/4.12.2/package/package.json written
221 http fetch 200 https://registry.npmjs.org/morgan/-/morgan-1.5.1.tgz
222 silly fetchAndShaCheck shasum a9688eed9187ab648d816fc09c696fae882e16f6
223 http fetch 200 https://registry.npmjs.org/serve-favicon/-/serve-favicon-2.2.0.tgz
224 http fetch 200 https://registry.npmjs.org/cookie-parser/-/cookie-parser-1.3.4.tgz
225 silly cache afterAdd debug@2.1.2
226 verbose afterAdd /Users/patrickhalton/.npm/debug/2.1.2/package/package.json not in flight; writing
227 silly cache afterAdd ejs@2.3.1
228 verbose afterAdd /Users/patrickhalton/.npm/ejs/2.3.1/package/package.json not in flight; writing
229 verbose addTmpTarball /var/folders/kx/7j_d3gl56r7d2sgb_50grqlr0000gn/T/npm-19209-5a5ce0a2/registry.npmjs.org/morgan/-/morgan-1.5.1.tgz not in flight; adding
230 verbose addTmpTarball already have metadata; skipping unpack for morgan@1.5.1
231 silly fetchAndShaCheck shasum a0c25ee8a652e1a638a67db46269cd52a8705858
232 silly fetchAndShaCheck shasum 193035a5be97117a21709b3aa737f6132717bda6
233 verbose afterAdd /Users/patrickhalton/.npm/debug/2.1.2/package/package.json written
234 verbose afterAdd /Users/patrickhalton/.npm/ejs/2.3.1/package/package.json written
235 silly cache afterAdd morgan@1.5.1
236 verbose afterAdd /Users/patrickhalton/.npm/morgan/1.5.1/package/package.json not in flight; writing
237 verbose afterAdd /Users/patrickhalton/.npm/morgan/1.5.1/package/package.json written
238 verbose addTmpTarball /var/folders/kx/7j_d3gl56r7d2sgb_50grqlr0000gn/T/npm-19209-5a5ce0a2/registry.npmjs.org/serve-favicon/-/serve-favicon-2.2.0.tgz not in flight; adding
239 verbose addTmpTarball already have metadata; skipping unpack for serve-favicon@2.2.0
240 verbose addTmpTarball /var/folders/kx/7j_d3gl56r7d2sgb_50grqlr0000gn/T/npm-19209-5a5ce0a2/registry.npmjs.org/cookie-parser/-/cookie-parser-1.3.4.tgz not in flight; adding
241 verbose addTmpTarball already have metadata; skipping unpack for cookie-parser@1.3.4
242 silly cache afterAdd serve-favicon@2.2.0
243 verbose afterAdd /Users/patrickhalton/.npm/serve-favicon/2.2.0/package/package.json not in flight; writing
244 silly cache afterAdd cookie-parser@1.3.4
245 verbose afterAdd /Users/patrickhalton/.npm/cookie-parser/1.3.4/package/package.json not in flight; writing
246 verbose afterAdd /Users/patrickhalton/.npm/serve-favicon/2.2.0/package/package.json written
247 verbose afterAdd /Users/patrickhalton/.npm/cookie-parser/1.3.4/package/package.json written
248 http fetch 200 https://registry.npmjs.org/body-parser/-/body-parser-1.12.0.tgz
249 silly fetchAndShaCheck shasum 9750fc3cc1080b34a13d18c79840cd559979fce5
250 verbose addTmpTarball /var/folders/kx/7j_d3gl56r7d2sgb_50grqlr0000gn/T/npm-19209-5a5ce0a2/registry.npmjs.org/body-parser/-/body-parser-1.12.0.tgz not in flight; adding
251 verbose addTmpTarball already have metadata; skipping unpack for body-parser@1.12.0
252 silly cache afterAdd body-parser@1.12.0
253 verbose afterAdd /Users/patrickhalton/.npm/body-parser/1.12.0/package/package.json not in flight; writing
254 verbose afterAdd /Users/patrickhalton/.npm/body-parser/1.12.0/package/package.json written
255 silly install resolved [ { name: 'express',
255 silly install resolved     description: 'Fast, unopinionated, minimalist web framework',
255 silly install resolved     version: '4.12.2',
255 silly install resolved     author: { name: 'TJ Holowaychuk', email: 'tj@vision-media.ca' },
255 silly install resolved     contributors:
255 silly install resolved      [ [Object],
255 silly install resolved        [Object],
255 silly install resolved        [Object],
255 silly install resolved        [Object],
255 silly install resolved        [Object],
255 silly install resolved        [Object],
255 silly install resolved        [Object] ],
255 silly install resolved     license: 'MIT',
255 silly install resolved     repository: { type: 'git', url: 'https://github.com/strongloop/express' },
255 silly install resolved     homepage: 'http://expressjs.com/',
255 silly install resolved     keywords:
255 silly install resolved      [ 'express',
255 silly install resolved        'framework',
255 silly install resolved        'sinatra',
255 silly install resolved        'web',
255 silly install resolved        'rest',
255 silly install resolved        'restful',
255 silly install resolved        'router',
255 silly install resolved        'app',
255 silly install resolved        'api' ],
255 silly install resolved     dependencies:
255 silly install resolved      { accepts: '~1.2.4',
255 silly install resolved        'content-disposition': '0.5.0',
255 silly install resolved        'content-type': '~1.0.1',
255 silly install resolved        'cookie-signature': '1.0.6',
255 silly install resolved        debug: '~2.1.1',
255 silly install resolved        depd: '~1.0.0',
255 silly install resolved        'escape-html': '1.0.1',
255 silly install resolved        etag: '~1.5.1',
255 silly install resolved        finalhandler: '0.3.3',
255 silly install resolved        fresh: '0.2.4',
255 silly install resolved        'merge-descriptors': '1.0.0',
255 silly install resolved        methods: '~1.1.1',
255 silly install resolved        'on-finished': '~2.2.0',
255 silly install resolved        parseurl: '~1.3.0',
255 silly install resolved        'path-to-regexp': '0.1.3',
255 silly install resolved        'proxy-addr': '~1.0.6',
255 silly install resolved        qs: '2.3.3',
255 silly install resolved        'range-parser': '~1.0.2',
255 silly install resolved        send: '0.12.1',
255 silly install resolved        'serve-static': '~1.9.1',
255 silly install resolved        'type-is': '~1.6.0',
255 silly install resolved        vary: '~1.0.0',
255 silly install resolved        cookie: '0.1.2',
255 silly install resolved        'utils-merge': '1.0.0' },
255 silly install resolved     devDependencies:
255 silly install resolved      { after: '0.8.1',
255 silly install resolved        ejs: '2.3.1',
255 silly install resolved        istanbul: '0.3.6',
255 silly install resolved        marked: '0.3.3',
255 silly install resolved        mocha: '~2.1.0',
255 silly install resolved        should: '~5.0.1',
255 silly install resolved        supertest: '~0.15.0',
255 silly install resolved        'body-parser': '~1.12.0',
255 silly install resolved        'connect-redis': '~2.2.0',
255 silly install resolved        'cookie-parser': '~1.3.4',
255 silly install resolved        'express-session': '~1.10.3',
255 silly install resolved        jade: '~1.9.2',
255 silly install resolved        'method-override': '~2.3.1',
255 silly install resolved        morgan: '~1.5.1',
255 silly install resolved        multiparty: '~4.1.1',
255 silly install resolved        vhost: '~3.0.0' },
255 silly install resolved     engines: { node: '>= 0.10.0' },
255 silly install resolved     files: [ 'LICENSE', 'History.md', 'Readme.md', 'index.js', 'lib/' ],
255 silly install resolved     scripts:
255 silly install resolved      { test: 'mocha --require test/support/env --reporter spec --bail --check-leaks test/ test/acceptance/',
255 silly install resolved        'test-ci': 'istanbul cover node_modules/mocha/bin/_mocha --report lcovonly -- --require test/support/env --reporter spec --check-leaks test/ test/acceptance/',
255 silly install resolved        'test-cov': 'istanbul cover node_modules/mocha/bin/_mocha -- --require test/support/env --reporter dot --check-leaks test/ test/acceptance/',
255 silly install resolved        'test-tap': 'mocha --require test/support/env --reporter tap --check-leaks test/ test/acceptance/' },
255 silly install resolved     gitHead: 'dee9fbbbda2f2483c657cf912f68db1a5ba1fcac',
255 silly install resolved     bugs: { url: 'https://github.com/strongloop/express/issues' },
255 silly install resolved     _id: 'express@4.12.2',
255 silly install resolved     _shasum: '7e72ad4c1b4edf07536a6d1e2acec0161d8564bd',
255 silly install resolved     _from: 'express@>=4.12.0 <4.13.0',
255 silly install resolved     _npmVersion: '1.4.28',
255 silly install resolved     _npmUser: { name: 'dougwilson', email: 'doug@somethingdoug.com' },
255 silly install resolved     maintainers:
255 silly install resolved      [ [Object],
255 silly install resolved        [Object],
255 silly install resolved        [Object],
255 silly install resolved        [Object],
255 silly install resolved        [Object],
255 silly install resolved        [Object],
255 silly install resolved        [Object] ],
255 silly install resolved     dist:
255 silly install resolved      { shasum: '7e72ad4c1b4edf07536a6d1e2acec0161d8564bd',
255 silly install resolved        tarball: 'http://registry.npmjs.org/express/-/express-4.12.2.tgz' },
255 silly install resolved     directories: {},
255 silly install resolved     _resolved: 'https://registry.npmjs.org/express/-/express-4.12.2.tgz',
255 silly install resolved     readme: 'ERROR: No README data found!' },
255 silly install resolved   { name: 'debug',
255 silly install resolved     version: '2.1.2',
255 silly install resolved     repository: { type: 'git', url: 'git://github.com/visionmedia/debug.git' },
255 silly install resolved     description: 'small debugging utility',
255 silly install resolved     keywords: [ 'debug', 'log', 'debugger' ],
255 silly install resolved     author: { name: 'TJ Holowaychuk', email: 'tj@vision-media.ca' },
255 silly install resolved     contributors: [ [Object] ],
255 silly install resolved     license: 'MIT',
255 silly install resolved     dependencies: { ms: '0.7.0' },
255 silly install resolved     devDependencies: { browserify: '9.0.3', mocha: '*' },
255 silly install resolved     main: './node.js',
255 silly install resolved     browser: './browser.js',
255 silly install resolved     component: { scripts: [Object] },
255 silly install resolved     gitHead: 'ef0b37817e88df724511e648c8c168618e892530',
255 silly install resolved     bugs: { url: 'https://github.com/visionmedia/debug/issues' },
255 silly install resolved     homepage: 'https://github.com/visionmedia/debug',
255 silly install resolved     _id: 'debug@2.1.2',
255 silly install resolved     scripts: {},
255 silly install resolved     _shasum: 'd5853ec48011eafd9ec80a5c4733332c1e767a43',
255 silly install resolved     _from: 'debug@>=2.1.1 <2.2.0',
255 silly install resolved     _npmVersion: '1.4.28',
255 silly install resolved     _npmUser: { name: 'tootallnate', email: 'nathan@tootallnate.net' },
255 silly install resolved     maintainers: [ [Object], [Object] ],
255 silly install resolved     dist:
255 silly install resolved      { shasum: 'd5853ec48011eafd9ec80a5c4733332c1e767a43',
255 silly install resolved        tarball: 'http://registry.npmjs.org/debug/-/debug-2.1.2.tgz' },
255 silly install resolved     directories: {},
255 silly install resolved     _resolved: 'https://registry.npmjs.org/debug/-/debug-2.1.2.tgz',
255 silly install resolved     readme: 'ERROR: No README data found!' },
255 silly install resolved   { name: 'ejs',
255 silly install resolved     description: 'Embedded JavaScript templates',
255 silly install resolved     keywords: [ 'template', 'engine', 'ejs' ],
255 silly install resolved     version: '2.3.1',
255 silly install resolved     author:
255 silly install resolved      { name: 'Matthew Eernisse',
255 silly install resolved        email: 'mde@fleegix.org',
255 silly install resolved        url: 'http://fleegix.org' },
255 silly install resolved     contributors: [ [Object] ],
255 silly install resolved     license: 'Apache-2.0',
255 silly install resolved     main: './lib/ejs.js',
255 silly install resolved     repository: { type: 'git', url: 'git://github.com/mde/ejs.git' },
255 silly install resolved     bugs: { url: 'https://github.com/mde/ejs/issues' },
255 silly install resolved     homepage: 'https://github.com/mde/ejs',
255 silly install resolved     dependencies: {},
255 silly install resolved     devDependencies:
255 silly install resolved      { browserify: '^8.0.3',
255 silly install resolved        istanbul: '~0.3.5',
255 silly install resolved        jake: '^8.0.0',
255 silly install resolved        jsdoc: '^3.3.0-beta1',
255 silly install resolved        'lru-cache': '^2.5.0',
255 silly install resolved        mocha: '^2.1.0',
255 silly install resolved        rimraf: '^2.2.8',
255 silly install resolved        'uglify-js': '^2.4.16' },
255 silly install resolved     engines: { node: '>=0.10.0' },
255 silly install resolved     scripts:
255 silly install resolved      { test: 'mocha',
255 silly install resolved        coverage: 'istanbul cover node_modules/mocha/bin/_mocha',
255 silly install resolved        doc: 'rimraf out && jsdoc -c jsdoc.json lib/* docs/jsdoc/*',
255 silly install resolved        devdoc: 'rimraf out && jsdoc -p -c jsdoc.json lib/* docs/jsdoc/*' },
255 silly install resolved     _id: 'ejs@2.3.1',
255 silly install resolved     _shasum: 'a697d98ac401e32a99c3deed92c60c19b6199a7f',
255 silly install resolved     _resolved: 'https://registry.npmjs.org/ejs/-/ejs-2.3.1.tgz',
255 silly install resolved     _from: 'ejs@>=2.3.1 <2.4.0',
255 silly install resolved     _npmVersion: '2.1.11',
255 silly install resolved     _nodeVersion: '0.10.33',
255 silly install resolved     _npmUser: { name: 'mde', email: 'mde@fleegix.org' },
255 silly install resolved     maintainers: [ [Object], [Object] ],
255 silly install resolved     dist:
255 silly install resolved      { shasum: 'a697d98ac401e32a99c3deed92c60c19b6199a7f',
255 silly install resolved        tarball: 'http://registry.npmjs.org/ejs/-/ejs-2.3.1.tgz' },
255 silly install resolved     readme: 'ERROR: No README data found!' },
255 silly install resolved   { name: 'morgan',
255 silly install resolved     description: 'HTTP request logger middleware for node.js',
255 silly install resolved     version: '1.5.1',
255 silly install resolved     contributors: [ [Object], [Object] ],
255 silly install resolved     license: 'MIT',
255 silly install resolved     repository: { type: 'git', url: 'https://github.com/expressjs/morgan' },
255 silly install resolved     dependencies:
255 silly install resolved      { 'basic-auth': '1.0.0',
255 silly install resolved        debug: '~2.1.1',
255 silly install resolved        depd: '~1.0.0',
255 silly install resolved        'on-finished': '~2.2.0' },
255 silly install resolved     devDependencies: { istanbul: '0.3.5', mocha: '~2.1.0', supertest: '~0.15.0' },
255 silly install resolved     files: [ 'LICENSE', 'HISTORY.md', 'README.md', 'index.js' ],
255 silly install resolved     engines: { node: '>= 0.8.0' },
255 silly install resolved     scripts:
255 silly install resolved      { test: 'mocha --check-leaks --reporter spec --bail',
255 silly install resolved        'test-cov': 'istanbul cover node_modules/mocha/bin/_mocha -- --check-leaks --reporter dot',
255 silly install resolved        'test-travis': 'istanbul cover node_modules/mocha/bin/_mocha --report lcovonly -- --check-leaks --reporter spec' },
255 silly install resolved     gitHead: 'ae84a264fb9cdd7b4d7e2bf19d93b0b51da99996',
255 silly install resolved     bugs: { url: 'https://github.com/expressjs/morgan/issues' },
255 silly install resolved     homepage: 'https://github.com/expressjs/morgan',
255 silly install resolved     _id: 'morgan@1.5.1',
255 silly install resolved     _shasum: 'a9688eed9187ab648d816fc09c696fae882e16f6',
255 silly install resolved     _from: 'morgan@>=1.5.1 <1.6.0',
255 silly install resolved     _npmVersion: '1.4.28',
255 silly install resolved     _npmUser: { name: 'dougwilson', email: 'doug@somethingdoug.com' },
255 silly install resolved     maintainers: [ [Object], [Object], [Object], [Object], [Object], [Object] ],
255 silly install resolved     dist:
255 silly install resolved      { shasum: 'a9688eed9187ab648d816fc09c696fae882e16f6',
255 silly install resolved        tarball: 'http://registry.npmjs.org/morgan/-/morgan-1.5.1.tgz' },
255 silly install resolved     directories: {},
255 silly install resolved     _resolved: 'https://registry.npmjs.org/morgan/-/morgan-1.5.1.tgz' },
255 silly install resolved   { name: 'serve-favicon',
255 silly install resolved     description: 'favicon serving middleware with caching',
255 silly install resolved     version: '2.2.0',
255 silly install resolved     author:
255 silly install resolved      { name: 'Douglas Christopher Wilson',
255 silly install resolved        email: 'doug@somethingdoug.com' },
255 silly install resolved     license: 'MIT',
255 silly install resolved     keywords: [ 'express', 'favicon', 'middleware' ],
255 silly install resolved     repository:
255 silly install resolved      { type: 'git',
255 silly install resolved        url: 'https://github.com/expressjs/serve-favicon' },
255 silly install resolved     dependencies:
255 silly install resolved      { etag: '~1.5.1',
255 silly install resolved        fresh: '0.2.4',
255 silly install resolved        ms: '0.7.0',
255 silly install resolved        parseurl: '~1.3.0' },
255 silly install resolved     devDependencies:
255 silly install resolved      { istanbul: '0.3.5',
255 silly install resolved        mocha: '~2.0.1',
255 silly install resolved        proxyquire: '~1.2.0',
255 silly install resolved        supertest: '~0.15.0' },
255 silly install resolved     files: [ 'LICENSE', 'HISTORY.md', 'index.js' ],
255 silly install resolved     engines: { node: '>= 0.8.0' },
255 silly install resolved     scripts:
255 silly install resolved      { test: 'mocha --reporter spec --bail --check-leaks test/',
255 silly install resolved        'test-cov': 'istanbul cover node_modules/mocha/bin/_mocha -- --reporter dot --check-leaks test/',
255 silly install resolved        'test-travis': 'istanbul cover node_modules/mocha/bin/_mocha --report lcovonly -- --reporter spec --check-leaks test/' },
255 silly install resolved     gitHead: 'f34bf3992fb999894ce0c16353250e9eaafa7b56',
255 silly install resolved     bugs: { url: 'https://github.com/expressjs/serve-favicon/issues' },
255 silly install resolved     homepage: 'https://github.com/expressjs/serve-favicon',
255 silly install resolved     _id: 'serve-favicon@2.2.0',
255 silly install resolved     _shasum: 'a0c25ee8a652e1a638a67db46269cd52a8705858',
255 silly install resolved     _from: 'serve-favicon@>=2.2.0 <2.3.0',
255 silly install resolved     _npmVersion: '1.4.28',
255 silly install resolved     _npmUser: { name: 'dougwilson', email: 'doug@somethingdoug.com' },
255 silly install resolved     maintainers: [ [Object] ],
255 silly install resolved     dist:
255 silly install resolved      { shasum: 'a0c25ee8a652e1a638a67db46269cd52a8705858',
255 silly install resolved        tarball: 'http://registry.npmjs.org/serve-favicon/-/serve-favicon-2.2.0.tgz' },
255 silly install resolved     directories: {},
255 silly install resolved     _resolved: 'https://registry.npmjs.org/serve-favicon/-/serve-favicon-2.2.0.tgz' },
255 silly install resolved   { name: 'cookie-parser',
255 silly install resolved     description: 'cookie parsing with signatures',
255 silly install resolved     version: '1.3.4',
255 silly install resolved     author:
255 silly install resolved      { name: 'TJ Holowaychuk',
255 silly install resolved        email: 'tj@vision-media.ca',
255 silly install resolved        url: 'http://tjholowaychuk.com' },
255 silly install resolved     licenses: 'MIT',
255 silly install resolved     repository:
255 silly install resolved      { type: 'git',
255 silly install resolved        url: 'https://github.com/expressjs/cookie-parser' },
255 silly install resolved     keywords: [ 'cookie', 'middleware' ],
255 silly install resolved     dependencies: { cookie: '0.1.2', 'cookie-signature': '1.0.6' },
255 silly install resolved     devDependencies: { istanbul: '0.3.5', mocha: '~2.1.0', supertest: '0.15.0' },
255 silly install resolved     files: [ 'lib/', 'LICENSE', 'HISTORY.md', 'index.js' ],
255 silly install resolved     engines: { node: '>= 0.8.0' },
255 silly install resolved     scripts:
255 silly install resolved      { test: 'mocha --reporter spec --bail --check-leaks test/',
255 silly install resolved        'test-cov': 'istanbul cover node_modules/mocha/bin/_mocha -- --reporter dot --check-leaks test/',
255 silly install resolved        'test-travis': 'istanbul cover node_modules/mocha/bin/_mocha --report lcovonly -- --reporter spec --check-leaks test/' },
255 silly install resolved     gitHead: '94764a584c70f26049b14c6ad845c8b0ed0e478b',
255 silly install resolved     bugs: { url: 'https://github.com/expressjs/cookie-parser/issues' },
255 silly install resolved     homepage: 'https://github.com/expressjs/cookie-parser',
255 silly install resolved     _id: 'cookie-parser@1.3.4',
255 silly install resolved     _shasum: '193035a5be97117a21709b3aa737f6132717bda6',
255 silly install resolved     _from: 'cookie-parser@>=1.3.4 <1.4.0',
255 silly install resolved     _npmVersion: '1.4.28',
255 silly install resolved     _npmUser: { name: 'dougwilson', email: 'doug@somethingdoug.com' },
255 silly install resolved     maintainers: [ [Object], [Object] ],
255 silly install resolved     dist:
255 silly install resolved      { shasum: '193035a5be97117a21709b3aa737f6132717bda6',
255 silly install resolved        tarball: 'http://registry.npmjs.org/cookie-parser/-/cookie-parser-1.3.4.tgz' },
255 silly install resolved     directories: {},
255 silly install resolved     _resolved: 'https://registry.npmjs.org/cookie-parser/-/cookie-parser-1.3.4.tgz' },
255 silly install resolved   { name: 'body-parser',
255 silly install resolved     description: 'Node.js body parsing middleware',
255 silly install resolved     version: '1.12.0',
255 silly install resolved     contributors: [ [Object], [Object] ],
255 silly install resolved     license: 'MIT',
255 silly install resolved     repository: { type: 'git', url: 'https://github.com/expressjs/body-parser' },
255 silly install resolved     dependencies:
255 silly install resolved      { bytes: '1.0.0',
255 silly install resolved        'content-type': '~1.0.1',
255 silly install resolved        debug: '~2.1.1',
255 silly install resolved        depd: '~1.0.0',
255 silly install resolved        'iconv-lite': '0.4.7',
255 silly install resolved        'on-finished': '~2.2.0',
255 silly install resolved        qs: '2.3.3',
255 silly install resolved        'raw-body': '1.3.3',
255 silly install resolved        'type-is': '~1.6.0' },
255 silly install resolved     devDependencies:
255 silly install resolved      { istanbul: '0.3.5',
255 silly install resolved        methods: '~1.1.1',
255 silly install resolved        mocha: '~2.1.0',
255 silly install resolved        supertest: '~0.15.0' },
255 silly install resolved     files: [ 'lib/', 'LICENSE', 'HISTORY.md', 'index.js' ],
255 silly install resolved     engines: { node: '>= 0.8' },
255 silly install resolved     scripts:
255 silly install resolved      { test: 'mocha --require test/support/env --reporter spec --check-leaks --bail test/',
255 silly install resolved        'test-cov': 'istanbul cover node_modules/mocha/bin/_mocha -- --require test/support/env --reporter dot --check-leaks test/',
255 silly install resolved        'test-travis': 'istanbul cover node_modules/mocha/bin/_mocha --report lcovonly -- --require test/support/env --reporter spec --check-leaks test/' },
255 silly install resolved     gitHead: '9ec4d920fc0fbfc8351ff528d19b24d80612e3e0',
255 silly install resolved     bugs: { url: 'https://github.com/expressjs/body-parser/issues' },
255 silly install resolved     homepage: 'https://github.com/expressjs/body-parser',
255 silly install resolved     _id: 'body-parser@1.12.0',
255 silly install resolved     _shasum: '9750fc3cc1080b34a13d18c79840cd559979fce5',
255 silly install resolved     _from: 'body-parser@>=1.12.0 <1.13.0',
255 silly install resolved     _npmVersion: '1.4.28',
255 silly install resolved     _npmUser: { name: 'dougwilson', email: 'doug@somethingdoug.com' },
255 silly install resolved     maintainers: [ [Object], [Object], [Object], [Object], [Object], [Object] ],
255 silly install resolved     dist:
255 silly install resolved      { shasum: '9750fc3cc1080b34a13d18c79840cd559979fce5',
255 silly install resolved        tarball: 'http://registry.npmjs.org/body-parser/-/body-parser-1.12.0.tgz' },
255 silly install resolved     directories: {},
255 silly install resolved     _resolved: 'https://registry.npmjs.org/body-parser/-/body-parser-1.12.0.tgz' } ]
256 info install express@4.12.2 into /Users/patrickhalton/Desktop/ASL_Node_Project/rouxmeet
257 info install debug@2.1.2 into /Users/patrickhalton/Desktop/ASL_Node_Project/rouxmeet
258 info install ejs@2.3.1 into /Users/patrickhalton/Desktop/ASL_Node_Project/rouxmeet
259 info install morgan@1.5.1 into /Users/patrickhalton/Desktop/ASL_Node_Project/rouxmeet
260 info install serve-favicon@2.2.0 into /Users/patrickhalton/Desktop/ASL_Node_Project/rouxmeet
261 info install cookie-parser@1.3.4 into /Users/patrickhalton/Desktop/ASL_Node_Project/rouxmeet
262 info install body-parser@1.12.0 into /Users/patrickhalton/Desktop/ASL_Node_Project/rouxmeet
263 info installOne express@4.12.2
264 verbose installOne of express to /Users/patrickhalton/Desktop/ASL_Node_Project/rouxmeet not in flight; installing
265 info installOne debug@2.1.2
266 verbose installOne of debug to /Users/patrickhalton/Desktop/ASL_Node_Project/rouxmeet not in flight; installing
267 info installOne ejs@2.3.1
268 verbose installOne of ejs to /Users/patrickhalton/Desktop/ASL_Node_Project/rouxmeet not in flight; installing
269 info installOne morgan@1.5.1
270 verbose installOne of morgan to /Users/patrickhalton/Desktop/ASL_Node_Project/rouxmeet not in flight; installing
271 info installOne serve-favicon@2.2.0
272 verbose installOne of serve-favicon to /Users/patrickhalton/Desktop/ASL_Node_Project/rouxmeet not in flight; installing
273 info installOne cookie-parser@1.3.4
274 verbose installOne of cookie-parser to /Users/patrickhalton/Desktop/ASL_Node_Project/rouxmeet not in flight; installing
275 info installOne body-parser@1.12.0
276 verbose installOne of body-parser to /Users/patrickhalton/Desktop/ASL_Node_Project/rouxmeet not in flight; installing
277 warn locking Error: EACCES, open '/Users/patrickhalton/.npm/_locks/express-40b0512bc2b7e300.lock'
277 warn locking     at Error (native)
277 warn locking  /Users/patrickhalton/.npm/_locks/express-40b0512bc2b7e300.lock failed { [Error: EACCES, open '/Users/patrickhalton/.npm/_locks/express-40b0512bc2b7e300.lock']
277 warn locking   errno: -13,
277 warn locking   code: 'EACCES',
277 warn locking   path: '/Users/patrickhalton/.npm/_locks/express-40b0512bc2b7e300.lock' }
278 verbose stack Error: Attempt to unlock /Users/patrickhalton/Desktop/ASL_Node_Project/rouxmeet/node_modules/express, which hasn't been locked
278 verbose stack     at unlock (/usr/local/lib/node_modules/npm/lib/utils/locker.js:66:11)
278 verbose stack     at cb (/usr/local/lib/node_modules/npm/lib/install.js:929:5)
278 verbose stack     at /usr/local/lib/node_modules/npm/lib/install.js:933:20
278 verbose stack     at /usr/local/lib/node_modules/npm/lib/utils/locker.js:40:9
278 verbose stack     at cb (/usr/local/lib/node_modules/npm/node_modules/lockfile/lockfile.js:149:38)
278 verbose stack     at /usr/local/lib/node_modules/npm/node_modules/lockfile/lockfile.js:177:38
278 verbose stack     at FSReqWrap.oncomplete (fs.js:99:15)
279 verbose cwd /Users/patrickhalton/Desktop/ASL_Node_Project/rouxmeet
280 error Darwin 13.1.0
281 error argv "node" "/usr/local/bin/npm" "install"
282 error node v0.12.0
283 error npm  v2.5.1
284 error Attempt to unlock /Users/patrickhalton/Desktop/ASL_Node_Project/rouxmeet/node_modules/express, which hasn't been locked
285 error If you need help, you may report this error at:
285 error     <http://github.com/npm/npm/issues>
286 verbose exit [ 1, true ]
